#! /usr/bin/vvp
:ivl_version "11.0 (stable)";
:ivl_delay_selection "TYPICAL";
:vpi_time_precision - 12;
:vpi_module "/usr/lib/x86_64-linux-gnu/ivl/system.vpi";
:vpi_module "/usr/lib/x86_64-linux-gnu/ivl/vhdl_sys.vpi";
:vpi_module "/usr/lib/x86_64-linux-gnu/ivl/vhdl_textio.vpi";
:vpi_module "/usr/lib/x86_64-linux-gnu/ivl/v2005_math.vpi";
:vpi_module "/usr/lib/x86_64-linux-gnu/ivl/va_math.vpi";
S_0x62ceb39812d0 .scope module, "tlv5618_driver_tb" "tlv5618_driver_tb" 2 3;
 .timescale -9 -12;
v0x62ceb39ce9c0_0 .net "DAC_cs_n", 0 0, v0x62ceb3982050_0;  1 drivers
v0x62ceb39cea80_0 .net "DAC_din", 0 0, v0x62ceb3982ce0_0;  1 drivers
v0x62ceb39ceb20_0 .net "DAC_sclk", 0 0, v0x62ceb3982d80_0;  1 drivers
v0x62ceb39cebf0_0 .var "clk", 0 0;
v0x62ceb39cecc0_0 .var "rst_n", 0 0;
v0x62ceb39ced60_0 .var "set_data", 15 0;
v0x62ceb39cee30_0 .net "set_done", 0 0, v0x62ceb39ce740_0;  1 drivers
v0x62ceb39cef00_0 .var "set_go", 0 0;
E_0x62ceb3996850 .event edge, v0x62ceb3982050_0;
S_0x62ceb3958f30 .scope module, "u_tlv5618_driver" "tlv5618_driver" 2 49, 3 2 0, S_0x62ceb39812d0;
 .timescale -9 -12;
    .port_info 0 /INPUT 1 "clk";
    .port_info 1 /INPUT 1 "rst_n";
    .port_info 2 /INPUT 16 "set_data";
    .port_info 3 /INPUT 1 "set_go";
    .port_info 4 /OUTPUT 1 "set_done";
    .port_info 5 /OUTPUT 1 "DAC_cs_n";
    .port_info 6 /OUTPUT 1 "DAC_sclk";
    .port_info 7 /OUTPUT 1 "DAC_din";
P_0x62ceb395a620 .param/l "CLOCK_FREQ" 0 3 16, +C4<00000010111110101111000010000000>;
P_0x62ceb395a660 .param/l "MCNT_DIV" 0 3 18, +C4<00000000000000000000000000000000000000000000000000000000000000001>;
P_0x62ceb395a6a0 .param/l "SRCLK_FREQ" 0 3 17, +C4<00000000101111101011110000100000>;
v0x62ceb3982050_0 .var "DAC_cs_n", 0 0;
v0x62ceb3982ce0_0 .var "DAC_din", 0 0;
v0x62ceb3982d80_0 .var "DAC_sclk", 0 0;
v0x62ceb3983a80_0 .net "clk", 0 0, v0x62ceb39cebf0_0;  1 drivers
v0x62ceb3983b20_0 .var "div_cnt", 7 0;
v0x62ceb3984650_0 .var "en_div_cnt", 0 0;
v0x62ceb39846f0_0 .var "r_set_data", 15 0;
v0x62ceb39ce400_0 .var "r_set_go", 0 0;
v0x62ceb39ce4c0_0 .net "rst_n", 0 0, v0x62ceb39cecc0_0;  1 drivers
v0x62ceb39ce580_0 .var "seq_cnt", 5 0;
v0x62ceb39ce660_0 .net "set_data", 15 0, v0x62ceb39ced60_0;  1 drivers
v0x62ceb39ce740_0 .var "set_done", 0 0;
v0x62ceb39ce800_0 .net "set_go", 0 0, v0x62ceb39cef00_0;  1 drivers
E_0x62ceb3996d70/0 .event negedge, v0x62ceb39ce4c0_0;
E_0x62ceb3996d70/1 .event posedge, v0x62ceb3983a80_0;
E_0x62ceb3996d70 .event/or E_0x62ceb3996d70/0, E_0x62ceb3996d70/1;
    .scope S_0x62ceb3958f30;
T_0 ;
    %wait E_0x62ceb3996d70;
    %load/vec4 v0x62ceb39ce4c0_0;
    %inv;
    %flag_set/vec4 8;
    %jmp/0xz  T_0.0, 8;
    %pushi/vec4 0, 0, 1;
    %assign/vec4 v0x62ceb39ce400_0, 0;
    %jmp T_0.1;
T_0.0 ;
    %load/vec4 v0x62ceb39ce800_0;
    %assign/vec4 v0x62ceb39ce400_0, 0;
T_0.1 ;
    %jmp T_0;
    .thread T_0;
    .scope S_0x62ceb3958f30;
T_1 ;
    %wait E_0x62ceb3996d70;
    %load/vec4 v0x62ceb39ce4c0_0;
    %inv;
    %flag_set/vec4 8;
    %jmp/0xz  T_1.0, 8;
    %pushi/vec4 0, 0, 16;
    %assign/vec4 v0x62ceb39846f0_0, 0;
    %jmp T_1.1;
T_1.0 ;
    %load/vec4 v0x62ceb39ce660_0;
    %assign/vec4 v0x62ceb39846f0_0, 0;
T_1.1 ;
    %jmp T_1;
    .thread T_1;
    .scope S_0x62ceb3958f30;
T_2 ;
    %wait E_0x62ceb3996d70;
    %load/vec4 v0x62ceb39ce4c0_0;
    %inv;
    %flag_set/vec4 8;
    %jmp/0xz  T_2.0, 8;
    %pushi/vec4 0, 0, 8;
    %assign/vec4 v0x62ceb3983b20_0, 0;
    %jmp T_2.1;
T_2.0 ;
    %load/vec4 v0x62ceb3984650_0;
    %flag_set/vec4 8;
    %jmp/0xz  T_2.2, 8;
    %load/vec4 v0x62ceb3983b20_0;
    %pad/u 65;
    %cmpi/e 1, 0, 65;
    %jmp/0xz  T_2.4, 4;
    %pushi/vec4 0, 0, 8;
    %assign/vec4 v0x62ceb3983b20_0, 0;
    %jmp T_2.5;
T_2.4 ;
    %load/vec4 v0x62ceb3983b20_0;
    %addi 1, 0, 8;
    %assign/vec4 v0x62ceb3983b20_0, 0;
T_2.5 ;
    %jmp T_2.3;
T_2.2 ;
    %pushi/vec4 0, 0, 8;
    %assign/vec4 v0x62ceb3983b20_0, 0;
T_2.3 ;
T_2.1 ;
    %jmp T_2;
    .thread T_2;
    .scope S_0x62ceb3958f30;
T_3 ;
    %wait E_0x62ceb3996d70;
    %load/vec4 v0x62ceb39ce4c0_0;
    %inv;
    %flag_set/vec4 8;
    %jmp/0xz  T_3.0, 8;
    %pushi/vec4 0, 0, 6;
    %assign/vec4 v0x62ceb39ce580_0, 0;
    %jmp T_3.1;
T_3.0 ;
    %load/vec4 v0x62ceb3983b20_0;
    %pad/u 65;
    %cmpi/e 1, 0, 65;
    %jmp/0xz  T_3.2, 4;
    %load/vec4 v0x62ceb39ce580_0;
    %pad/u 32;
    %cmpi/e 33, 0, 32;
    %jmp/0xz  T_3.4, 4;
    %pushi/vec4 0, 0, 6;
    %assign/vec4 v0x62ceb39ce580_0, 0;
    %jmp T_3.5;
T_3.4 ;
    %load/vec4 v0x62ceb39ce580_0;
    %addi 1, 0, 6;
    %assign/vec4 v0x62ceb39ce580_0, 0;
T_3.5 ;
    %jmp T_3.3;
T_3.2 ;
    %load/vec4 v0x62ceb39ce580_0;
    %assign/vec4 v0x62ceb39ce580_0, 0;
T_3.3 ;
T_3.1 ;
    %jmp T_3;
    .thread T_3;
    .scope S_0x62ceb3958f30;
T_4 ;
    %wait E_0x62ceb3996d70;
    %load/vec4 v0x62ceb39ce4c0_0;
    %inv;
    %flag_set/vec4 8;
    %jmp/0xz  T_4.0, 8;
    %pushi/vec4 0, 0, 1;
    %assign/vec4 v0x62ceb3984650_0, 0;
    %jmp T_4.1;
T_4.0 ;
    %load/vec4 v0x62ceb39ce800_0;
    %flag_set/vec4 8;
    %jmp/0xz  T_4.2, 8;
    %pushi/vec4 1, 0, 1;
    %assign/vec4 v0x62ceb3984650_0, 0;
    %jmp T_4.3;
T_4.2 ;
    %load/vec4 v0x62ceb3983b20_0;
    %pad/u 65;
    %pushi/vec4 1, 0, 65;
    %cmp/e;
    %flag_get/vec4 4;
    %load/vec4 v0x62ceb39ce580_0;
    %pad/u 32;
    %pushi/vec4 33, 0, 32;
    %cmp/e;
    %flag_get/vec4 4;
    %and;
    %flag_set/vec4 8;
    %jmp/0xz  T_4.4, 8;
    %pushi/vec4 0, 0, 1;
    %assign/vec4 v0x62ceb3984650_0, 0;
    %jmp T_4.5;
T_4.4 ;
    %load/vec4 v0x62ceb3984650_0;
    %assign/vec4 v0x62ceb3984650_0, 0;
T_4.5 ;
T_4.3 ;
T_4.1 ;
    %jmp T_4;
    .thread T_4;
    .scope S_0x62ceb3958f30;
T_5 ;
    %wait E_0x62ceb3996d70;
    %load/vec4 v0x62ceb39ce4c0_0;
    %inv;
    %flag_set/vec4 8;
    %jmp/0xz  T_5.0, 8;
    %pushi/vec4 0, 0, 1;
    %assign/vec4 v0x62ceb39ce740_0, 0;
    %jmp T_5.1;
T_5.0 ;
    %load/vec4 v0x62ceb3983b20_0;
    %pad/u 65;
    %pushi/vec4 1, 0, 65;
    %cmp/e;
    %flag_get/vec4 4;
    %load/vec4 v0x62ceb39ce580_0;
    %pad/u 32;
    %pushi/vec4 33, 0, 32;
    %cmp/e;
    %flag_get/vec4 4;
    %and;
    %flag_set/vec4 8;
    %jmp/0xz  T_5.2, 8;
    %pushi/vec4 1, 0, 1;
    %assign/vec4 v0x62ceb39ce740_0, 0;
    %jmp T_5.3;
T_5.2 ;
    %pushi/vec4 0, 0, 1;
    %assign/vec4 v0x62ceb39ce740_0, 0;
T_5.3 ;
T_5.1 ;
    %jmp T_5;
    .thread T_5;
    .scope S_0x62ceb3958f30;
T_6 ;
    %wait E_0x62ceb3996d70;
    %load/vec4 v0x62ceb39ce4c0_0;
    %inv;
    %flag_set/vec4 8;
    %jmp/0xz  T_6.0, 8;
    %pushi/vec4 1, 0, 1;
    %assign/vec4 v0x62ceb3982d80_0, 0;
    %pushi/vec4 0, 0, 1;
    %assign/vec4 v0x62ceb3982ce0_0, 0;
    %pushi/vec4 1, 0, 1;
    %assign/vec4 v0x62ceb3982050_0, 0;
    %jmp T_6.1;
T_6.0 ;
    %load/vec4 v0x62ceb3983b20_0;
    %pad/u 65;
    %cmpi/e 1, 0, 65;
    %jmp/0xz  T_6.2, 4;
    %load/vec4 v0x62ceb39ce580_0;
    %dup/vec4;
    %pushi/vec4 0, 0, 6;
    %cmp/u;
    %jmp/1 T_6.4, 6;
    %dup/vec4;
    %pushi/vec4 1, 0, 6;
    %cmp/u;
    %jmp/1 T_6.5, 6;
    %dup/vec4;
    %pushi/vec4 2, 0, 6;
    %cmp/u;
    %jmp/1 T_6.6, 6;
    %dup/vec4;
    %pushi/vec4 3, 0, 6;
    %cmp/u;
    %jmp/1 T_6.7, 6;
    %dup/vec4;
    %pushi/vec4 4, 0, 6;
    %cmp/u;
    %jmp/1 T_6.8, 6;
    %dup/vec4;
    %pushi/vec4 5, 0, 6;
    %cmp/u;
    %jmp/1 T_6.9, 6;
    %dup/vec4;
    %pushi/vec4 6, 0, 6;
    %cmp/u;
    %jmp/1 T_6.10, 6;
    %dup/vec4;
    %pushi/vec4 7, 0, 6;
    %cmp/u;
    %jmp/1 T_6.11, 6;
    %dup/vec4;
    %pushi/vec4 8, 0, 6;
    %cmp/u;
    %jmp/1 T_6.12, 6;
    %dup/vec4;
    %pushi/vec4 9, 0, 6;
    %cmp/u;
    %jmp/1 T_6.13, 6;
    %dup/vec4;
    %pushi/vec4 10, 0, 6;
    %cmp/u;
    %jmp/1 T_6.14, 6;
    %dup/vec4;
    %pushi/vec4 11, 0, 6;
    %cmp/u;
    %jmp/1 T_6.15, 6;
    %dup/vec4;
    %pushi/vec4 12, 0, 6;
    %cmp/u;
    %jmp/1 T_6.16, 6;
    %dup/vec4;
    %pushi/vec4 13, 0, 6;
    %cmp/u;
    %jmp/1 T_6.17, 6;
    %dup/vec4;
    %pushi/vec4 14, 0, 6;
    %cmp/u;
    %jmp/1 T_6.18, 6;
    %dup/vec4;
    %pushi/vec4 15, 0, 6;
    %cmp/u;
    %jmp/1 T_6.19, 6;
    %dup/vec4;
    %pushi/vec4 16, 0, 6;
    %cmp/u;
    %jmp/1 T_6.20, 6;
    %dup/vec4;
    %pushi/vec4 17, 0, 6;
    %cmp/u;
    %jmp/1 T_6.21, 6;
    %dup/vec4;
    %pushi/vec4 18, 0, 6;
    %cmp/u;
    %jmp/1 T_6.22, 6;
    %dup/vec4;
    %pushi/vec4 19, 0, 6;
    %cmp/u;
    %jmp/1 T_6.23, 6;
    %dup/vec4;
    %pushi/vec4 20, 0, 6;
    %cmp/u;
    %jmp/1 T_6.24, 6;
    %dup/vec4;
    %pushi/vec4 21, 0, 6;
    %cmp/u;
    %jmp/1 T_6.25, 6;
    %dup/vec4;
    %pushi/vec4 22, 0, 6;
    %cmp/u;
    %jmp/1 T_6.26, 6;
    %dup/vec4;
    %pushi/vec4 23, 0, 6;
    %cmp/u;
    %jmp/1 T_6.27, 6;
    %dup/vec4;
    %pushi/vec4 24, 0, 6;
    %cmp/u;
    %jmp/1 T_6.28, 6;
    %dup/vec4;
    %pushi/vec4 25, 0, 6;
    %cmp/u;
    %jmp/1 T_6.29, 6;
    %dup/vec4;
    %pushi/vec4 26, 0, 6;
    %cmp/u;
    %jmp/1 T_6.30, 6;
    %dup/vec4;
    %pushi/vec4 27, 0, 6;
    %cmp/u;
    %jmp/1 T_6.31, 6;
    %dup/vec4;
    %pushi/vec4 28, 0, 6;
    %cmp/u;
    %jmp/1 T_6.32, 6;
    %dup/vec4;
    %pushi/vec4 29, 0, 6;
    %cmp/u;
    %jmp/1 T_6.33, 6;
    %dup/vec4;
    %pushi/vec4 30, 0, 6;
    %cmp/u;
    %jmp/1 T_6.34, 6;
    %dup/vec4;
    %pushi/vec4 31, 0, 6;
    %cmp/u;
    %jmp/1 T_6.35, 6;
    %dup/vec4;
    %pushi/vec4 32, 0, 6;
    %cmp/u;
    %jmp/1 T_6.36, 6;
    %dup/vec4;
    %pushi/vec4 33, 0, 6;
    %cmp/u;
    %jmp/1 T_6.37, 6;
    %load/vec4 v0x62ceb3982d80_0;
    %assign/vec4 v0x62ceb3982d80_0, 0;
    %load/vec4 v0x62ceb3982ce0_0;
    %assign/vec4 v0x62ceb3982ce0_0, 0;
    %load/vec4 v0x62ceb3982050_0;
    %assign/vec4 v0x62ceb3982050_0, 0;
    %jmp T_6.39;
T_6.4 ;
    %pushi/vec4 0, 0, 1;
    %assign/vec4 v0x62ceb3982050_0, 0;
    %pushi/vec4 1, 0, 1;
    %assign/vec4 v0x62ceb3982d80_0, 0;
    %load/vec4 v0x62ceb39846f0_0;
    %parti/s 1, 15, 5;
    %assign/vec4 v0x62ceb3982ce0_0, 0;
    %jmp T_6.39;
T_6.5 ;
    %pushi/vec4 0, 0, 1;
    %assign/vec4 v0x62ceb3982d80_0, 0;
    %jmp T_6.39;
T_6.6 ;
    %pushi/vec4 1, 0, 1;
    %assign/vec4 v0x62ceb3982d80_0, 0;
    %load/vec4 v0x62ceb39846f0_0;
    %parti/s 1, 14, 5;
    %assign/vec4 v0x62ceb3982ce0_0, 0;
    %jmp T_6.39;
T_6.7 ;
    %pushi/vec4 0, 0, 1;
    %assign/vec4 v0x62ceb3982d80_0, 0;
    %jmp T_6.39;
T_6.8 ;
    %pushi/vec4 1, 0, 1;
    %assign/vec4 v0x62ceb3982d80_0, 0;
    %load/vec4 v0x62ceb39846f0_0;
    %parti/s 1, 13, 5;
    %assign/vec4 v0x62ceb3982ce0_0, 0;
    %jmp T_6.39;
T_6.9 ;
    %pushi/vec4 0, 0, 1;
    %assign/vec4 v0x62ceb3982d80_0, 0;
    %jmp T_6.39;
T_6.10 ;
    %pushi/vec4 1, 0, 1;
    %assign/vec4 v0x62ceb3982d80_0, 0;
    %load/vec4 v0x62ceb39846f0_0;
    %parti/s 1, 12, 5;
    %assign/vec4 v0x62ceb3982ce0_0, 0;
    %jmp T_6.39;
T_6.11 ;
    %pushi/vec4 0, 0, 1;
    %assign/vec4 v0x62ceb3982d80_0, 0;
    %jmp T_6.39;
T_6.12 ;
    %pushi/vec4 1, 0, 1;
    %assign/vec4 v0x62ceb3982d80_0, 0;
    %load/vec4 v0x62ceb39846f0_0;
    %parti/s 1, 11, 5;
    %assign/vec4 v0x62ceb3982ce0_0, 0;
    %jmp T_6.39;
T_6.13 ;
    %pushi/vec4 0, 0, 1;
    %assign/vec4 v0x62ceb3982d80_0, 0;
    %jmp T_6.39;
T_6.14 ;
    %pushi/vec4 1, 0, 1;
    %assign/vec4 v0x62ceb3982d80_0, 0;
    %load/vec4 v0x62ceb39846f0_0;
    %parti/s 1, 10, 5;
    %assign/vec4 v0x62ceb3982ce0_0, 0;
    %jmp T_6.39;
T_6.15 ;
    %pushi/vec4 0, 0, 1;
    %assign/vec4 v0x62ceb3982d80_0, 0;
    %jmp T_6.39;
T_6.16 ;
    %pushi/vec4 1, 0, 1;
    %assign/vec4 v0x62ceb3982d80_0, 0;
    %load/vec4 v0x62ceb39846f0_0;
    %parti/s 1, 9, 5;
    %assign/vec4 v0x62ceb3982ce0_0, 0;
    %jmp T_6.39;
T_6.17 ;
    %pushi/vec4 0, 0, 1;
    %assign/vec4 v0x62ceb3982d80_0, 0;
    %jmp T_6.39;
T_6.18 ;
    %pushi/vec4 1, 0, 1;
    %assign/vec4 v0x62ceb3982d80_0, 0;
    %load/vec4 v0x62ceb39846f0_0;
    %parti/s 1, 8, 5;
    %assign/vec4 v0x62ceb3982ce0_0, 0;
    %jmp T_6.39;
T_6.19 ;
    %pushi/vec4 0, 0, 1;
    %assign/vec4 v0x62ceb3982d80_0, 0;
    %jmp T_6.39;
T_6.20 ;
    %pushi/vec4 1, 0, 1;
    %assign/vec4 v0x62ceb3982d80_0, 0;
    %load/vec4 v0x62ceb39846f0_0;
    %parti/s 1, 7, 4;
    %assign/vec4 v0x62ceb3982ce0_0, 0;
    %jmp T_6.39;
T_6.21 ;
    %pushi/vec4 0, 0, 1;
    %assign/vec4 v0x62ceb3982d80_0, 0;
    %jmp T_6.39;
T_6.22 ;
    %pushi/vec4 1, 0, 1;
    %assign/vec4 v0x62ceb3982d80_0, 0;
    %load/vec4 v0x62ceb39846f0_0;
    %parti/s 1, 6, 4;
    %assign/vec4 v0x62ceb3982ce0_0, 0;
    %jmp T_6.39;
T_6.23 ;
    %pushi/vec4 0, 0, 1;
    %assign/vec4 v0x62ceb3982d80_0, 0;
    %jmp T_6.39;
T_6.24 ;
    %pushi/vec4 1, 0, 1;
    %assign/vec4 v0x62ceb3982d80_0, 0;
    %load/vec4 v0x62ceb39846f0_0;
    %parti/s 1, 5, 4;
    %assign/vec4 v0x62ceb3982ce0_0, 0;
    %jmp T_6.39;
T_6.25 ;
    %pushi/vec4 0, 0, 1;
    %assign/vec4 v0x62ceb3982d80_0, 0;
    %jmp T_6.39;
T_6.26 ;
    %pushi/vec4 1, 0, 1;
    %assign/vec4 v0x62ceb3982d80_0, 0;
    %load/vec4 v0x62ceb39846f0_0;
    %parti/s 1, 4, 4;
    %assign/vec4 v0x62ceb3982ce0_0, 0;
    %jmp T_6.39;
T_6.27 ;
    %pushi/vec4 0, 0, 1;
    %assign/vec4 v0x62ceb3982d80_0, 0;
    %jmp T_6.39;
T_6.28 ;
    %pushi/vec4 1, 0, 1;
    %assign/vec4 v0x62ceb3982d80_0, 0;
    %load/vec4 v0x62ceb39846f0_0;
    %parti/s 1, 3, 3;
    %assign/vec4 v0x62ceb3982ce0_0, 0;
    %jmp T_6.39;
T_6.29 ;
    %pushi/vec4 0, 0, 1;
    %assign/vec4 v0x62ceb3982d80_0, 0;
    %jmp T_6.39;
T_6.30 ;
    %pushi/vec4 1, 0, 1;
    %assign/vec4 v0x62ceb3982d80_0, 0;
    %load/vec4 v0x62ceb39846f0_0;
    %parti/s 1, 2, 3;
    %assign/vec4 v0x62ceb3982ce0_0, 0;
    %jmp T_6.39;
T_6.31 ;
    %pushi/vec4 0, 0, 1;
    %assign/vec4 v0x62ceb3982d80_0, 0;
    %jmp T_6.39;
T_6.32 ;
    %pushi/vec4 1, 0, 1;
    %assign/vec4 v0x62ceb3982d80_0, 0;
    %load/vec4 v0x62ceb39846f0_0;
    %parti/s 1, 1, 2;
    %assign/vec4 v0x62ceb3982ce0_0, 0;
    %jmp T_6.39;
T_6.33 ;
    %pushi/vec4 0, 0, 1;
    %assign/vec4 v0x62ceb3982d80_0, 0;
    %jmp T_6.39;
T_6.34 ;
    %pushi/vec4 1, 0, 1;
    %assign/vec4 v0x62ceb3982d80_0, 0;
    %load/vec4 v0x62ceb39846f0_0;
    %parti/s 1, 0, 2;
    %assign/vec4 v0x62ceb3982ce0_0, 0;
    %jmp T_6.39;
T_6.35 ;
    %pushi/vec4 0, 0, 1;
    %assign/vec4 v0x62ceb3982d80_0, 0;
    %jmp T_6.39;
T_6.36 ;
    %pushi/vec4 1, 0, 1;
    %assign/vec4 v0x62ceb3982d80_0, 0;
    %pushi/vec4 0, 0, 1;
    %assign/vec4 v0x62ceb3982ce0_0, 0;
    %jmp T_6.39;
T_6.37 ;
    %pushi/vec4 1, 0, 1;
    %assign/vec4 v0x62ceb3982d80_0, 0;
    %pushi/vec4 1, 0, 1;
    %assign/vec4 v0x62ceb3982050_0, 0;
    %jmp T_6.39;
T_6.39 ;
    %pop/vec4 1;
    %jmp T_6.3;
T_6.2 ;
    %load/vec4 v0x62ceb3982d80_0;
    %assign/vec4 v0x62ceb3982d80_0, 0;
    %load/vec4 v0x62ceb3982ce0_0;
    %assign/vec4 v0x62ceb3982ce0_0, 0;
    %load/vec4 v0x62ceb3982050_0;
    %assign/vec4 v0x62ceb3982050_0, 0;
T_6.3 ;
T_6.1 ;
    %jmp T_6;
    .thread T_6;
    .scope S_0x62ceb39812d0;
T_7 ;
    %pushi/vec4 1, 0, 1;
    %store/vec4 v0x62ceb39cebf0_0, 0, 1;
    %end;
    .thread T_7;
    .scope S_0x62ceb39812d0;
T_8 ;
    %delay 10000, 0;
    %load/vec4 v0x62ceb39cebf0_0;
    %inv;
    %store/vec4 v0x62ceb39cebf0_0, 0, 1;
    %jmp T_8;
    .thread T_8;
    .scope S_0x62ceb39812d0;
T_9 ;
    %pushi/vec4 0, 0, 1;
    %assign/vec4 v0x62ceb39cecc0_0, 0;
    %pushi/vec4 0, 0, 1;
    %assign/vec4 v0x62ceb39cef00_0, 0;
    %pushi/vec4 0, 0, 16;
    %assign/vec4 v0x62ceb39ced60_0, 0;
    %delay 100000, 0;
    %pushi/vec4 1, 0, 1;
    %store/vec4 v0x62ceb39cecc0_0, 0, 1;
    %delay 50000, 0;
    %pushi/vec4 1, 0, 1;
    %store/vec4 v0x62ceb39cef00_0, 0, 1;
    %pushi/vec4 22480, 0, 16;
    %store/vec4 v0x62ceb39ced60_0, 0, 16;
    %delay 20000, 0;
    %pushi/vec4 0, 0, 1;
    %store/vec4 v0x62ceb39cef00_0, 0, 1;
    %delay 200000, 0;
T_9.0 ;
    %load/vec4 v0x62ceb39ce9c0_0;
    %cmpi/ne 1, 0, 1;
    %jmp/0xz T_9.1, 6;
    %wait E_0x62ceb3996850;
    %jmp T_9.0;
T_9.1 ;
    %delay 200000, 0;
    %pushi/vec4 1, 0, 1;
    %store/vec4 v0x62ceb39cef00_0, 0, 1;
    %pushi/vec4 50152, 0, 16;
    %store/vec4 v0x62ceb39ced60_0, 0, 16;
    %delay 20000, 0;
    %pushi/vec4 0, 0, 1;
    %store/vec4 v0x62ceb39cef00_0, 0, 1;
    %delay 200000, 0;
T_9.2 ;
    %load/vec4 v0x62ceb39ce9c0_0;
    %cmpi/ne 1, 0, 1;
    %jmp/0xz T_9.3, 6;
    %wait E_0x62ceb3996850;
    %jmp T_9.2;
T_9.3 ;
    %delay 200000, 0;
    %vpi_call 2 46 "$finish" {0 0 0};
    %end;
    .thread T_9;
    .scope S_0x62ceb39812d0;
T_10 ;
    %vpi_call 2 62 "$dumpfile", "wave.vcd" {0 0 0};
    %vpi_call 2 63 "$dumpvars", 32'sb00000000000000000000000000000000, S_0x62ceb39812d0 {0 0 0};
    %end;
    .thread T_10;
# The file index is used to find the file name in the following table.
:file_names 4;
    "N/A";
    "<interactive>";
    "src/tlv5618_driver_tb.v";
    "src/tlv5618_driver.v";
